<?xml version="1.0" encoding="UTF-8"?>
<!-- Generated by org.testng.reporters.JUnitReportReporter -->
<testsuite hostname="Sayed-Sadat" failures="0" tests="2" name="tests.RegistrationFormTest" time="9.022" errors="0" timestamp="2023-09-15T20:02:11 PDT" skipped="0">
  <testcase classname="tests.RegistrationFormTest" name="registrationFormTest" time="4.323"/>
  <testcase classname="tests.RegistrationFormTest" name="registrationFormTest" time="4.699"/>
</testsuite> <!-- tests.RegistrationFormTest -->
