<?xml version="1.0" encoding="UTF-8"?>
<!-- Generated by org.testng.reporters.JUnitReportReporter -->
<testsuite hostname="DESKTOP-DQUND3D" failures="0" tests="1" name="tests.RegistrationFormTest" time="5.400" errors="0" timestamp="2023-09-18T18:38:53 PDT" skipped="0">
  <testcase classname="tests.RegistrationFormTest" name="registrationFormTest" time="5.400"/>
</testsuite> <!-- tests.RegistrationFormTest -->
