<?xml version="1.0" encoding="UTF-8"?>
<!-- Generated by org.testng.reporters.JUnitReportReporter -->
<testsuite hostname="Sayed-Sadat" failures="0" tests="2" name="tests.DataProviderTest" time="0.016" errors="0" timestamp="2023-09-15T17:56:55 PDT" skipped="0">
  <testcase classname="tests.DataProviderTest" name="test" time="0.013"/>
  <testcase classname="tests.DataProviderTest" name="test" time="0.003"/>
</testsuite> <!-- tests.DataProviderTest -->
