<?xml version="1.0" encoding="UTF-8"?>
<!-- Generated by org.testng.reporters.JUnitReportReporter -->
<testsuite hostname="Sayed-Sadat" failures="0" tests="11" name="tests.TestNG_GroupingAndDependency" time="0.080" errors="0" timestamp="2023-09-08T19:02:32 PDT" skipped="1">
  <testcase classname="tests.TestNG_GroupingAndDependency" name="runTestMultipleTimes" time="0.006"/>
  <testcase classname="tests.TestNG_GroupingAndDependency" name="test1" time="0.009"/>
  <testcase classname="tests.TestNG_GroupingAndDependency" name="test4" time="0.004"/>
  <testcase classname="tests.TestNG_GroupingAndDependency" name="test5" time="0.009"/>
  <testcase classname="tests.TestNG_GroupingAndDependency" name="description" time="0.008"/>
  <testcase classname="tests.TestNG_GroupingAndDependency" name="runTestMultipleTimes" time="0.004"/>
  <testcase classname="tests.TestNG_GroupingAndDependency" name="dependsOnMethods" time="0.008"/>
  <testcase classname="tests.TestNG_GroupingAndDependency" name="alwaysRun" time="0.024"/>
  <testcase classname="tests.TestNG_GroupingAndDependency" name="test" time="0.003"/>
  <testcase classname="tests.TestNG_GroupingAndDependency" name="test2" time="0.005"/>
  <testcase classname="tests.TestNG_GroupingAndDependency" name="test3">
    <skipped/>
  </testcase> <!-- test3 -->
</testsuite> <!-- tests.TestNG_GroupingAndDependency -->
