<?xml version="1.0" encoding="UTF-8"?>
<!-- Generated by org.testng.reporters.JUnitReportReporter -->
<<<<<<< HEAD
<<<<<<< HEAD
<testsuite hostname="DESKTOP-DQUND3D" failures="0" tests="1" name="tests.TestNG_Annotations" time="0.005" errors="0" timestamp="2023-09-06T18:40:05 PDT" skipped="0">
  <testcase classname="tests.TestNG_Annotations" name="login" time="0.005"/>
=======
<testsuite hostname="Sayed-Sadat" failures="0" tests="2" name="tests.TestNG_Annotations" time="0.014" errors="0" timestamp="2023-09-06T19:04:03 PDT" skipped="0">
  <testcase classname="tests.TestNG_Annotations" name="test2" time="0.003"/>
  <testcase classname="tests.TestNG_Annotations" name="login" time="0.011"/>
>>>>>>> b6fa400354230ace406469a5da8609e5f14eaa04
=======
<testsuite hostname="Sayed-Sadat" failures="0" tests="2" name="tests.TestNG_Annotations" time="0.029" errors="0" timestamp="2023-09-08T18:20:44 PDT" skipped="0">
  <testcase classname="tests.TestNG_Annotations" name="test2" time="0.006"/>
  <testcase classname="tests.TestNG_Annotations" name="login" time="0.023"/>
>>>>>>> branch 'master' of https://github.com/toptechschool123/toptechschool.sdet.testNG.framework.git
</testsuite> <!-- tests.TestNG_Annotations -->
