<?xml version="1.0" encoding="UTF-8"?>
<!-- Generated by org.testng.reporters.JUnitReportReporter -->
<testsuite hostname="DESKTOP-DQUND3D" failures="0" tests="1" name="tests.TestNG_Annotations" time="0.005" errors="0" timestamp="2023-09-06T18:40:05 PDT" skipped="0">
  <testcase classname="tests.TestNG_Annotations" name="login" time="0.005"/>
</testsuite> <!-- tests.TestNG_Annotations -->
