<?xml version="1.0" encoding="UTF-8"?>
<!-- Generated by org.testng.reporters.JUnitReportReporter -->
<testsuite hostname="Sayed-Sadat" failures="0" tests="1" name="tests.LoginTest" time="1.014" errors="0" timestamp="2023-09-08T18:25:32 PDT" skipped="0">
  <testcase classname="tests.LoginTest" name="login" time="1.014"/>
</testsuite> <!-- tests.LoginTest -->
