<?xml version="1.0" encoding="UTF-8"?>
<!-- Generated by org.testng.reporters.JUnitReportReporter -->
<testsuite hostname="Sayed-Sadat" failures="0" tests="2" name="tests.DataProviderTest" time="0.011" errors="0" timestamp="2023-09-17T08:10:46 PDT" skipped="0">
  <testcase classname="tests.DataProviderTest" name="test" time="0.001"/>
  <testcase classname="tests.DataProviderTest" name="test" time="0.010"/>
</testsuite> <!-- tests.DataProviderTest -->
