<?xml version="1.0" encoding="UTF-8"?>
<!-- Generated by org.testng.reporters.JUnitReportReporter -->
<testsuite hostname="Sayed-Sadat" failures="0" tests="10" name="tests.TestNG_Features" time="0.042" errors="0" timestamp="2023-09-17T10:48:46 PDT" skipped="0">
  <testcase classname="tests.TestNG_Features" name="runTestMultipleTimes" time="0.002"/>
  <testcase classname="tests.TestNG_Features" name="runTestMultipleTimes" time="0.001"/>
  <testcase classname="tests.TestNG_Features" name="testCaseSkipException" time="0.002"/>
  <testcase classname="tests.TestNG_Features" name="dividedByZeroExample1" time="0.010"/>
  <testcase classname="tests.TestNG_Features" name="description" time="0.006"/>
  <testcase classname="tests.TestNG_Features" name="executetimeOut" time="0.016"/>
  <testcase classname="tests.TestNG_Features" name="test" time="0.001"/>
  <testcase classname="tests.TestNG_Features" name="alwaysRun" time="0.001"/>
  <testcase classname="tests.TestNG_Features" name="smoke" time="0.002"/>
  <testcase classname="tests.TestNG_Features" name="integration" time="0.001"/>
</testsuite> <!-- tests.TestNG_Features -->
