<?xml version="1.0" encoding="UTF-8"?>
<!-- Generated by org.testng.reporters.JUnitReportReporter -->
<testsuite hostname="DESKTOP-DQUND3D" failures="0" tests="2" name="tests.DataProviderTest" time="0.005" errors="0" timestamp="2023-09-25T19:08:13 PDT" skipped="0">
  <testcase classname="tests.DataProviderTest" name="test" time="0.005"/>
  <testcase classname="tests.DataProviderTest" name="test" time="0.000"/>
</testsuite> <!-- tests.DataProviderTest -->
